<?xml version="1.0" encoding="UTF-8"?>
<!-- Generated by org.testng.reporters.JUnitReportReporter -->
<testsuite hostname="DESKTOP-MH1I98B" failures="0" tests="1" name="com.xyztestScripts.testScripts" time="0.016" errors="0" timestamp="2023-11-27T11:51:50 IST" skipped="0">
  <testcase classname="com.xyztestScripts.testScripts" name="name" time="0.016"/>
</testsuite> <!-- com.xyztestScripts.testScripts -->
